This is pdfTeX, Version 3.14159265-2.6-1.40.16 (MiKTeX 2.9 64-bit) (preloaded format=pdflatex 2015.9.24)  8 OCT 2018 08:43
entering extended mode
**"D:/TG/TESIS CNN/latex_tesis - v2/origin.TEX"
("D:/TG/TESIS CNN/latex_tesis - v2/origin.TEX"
LaTeX2e <2015/01/01> patch level 2
Babel <3.9m> and hyphenation patterns for 69 languages loaded.
("C:\Program Files\MiKTeX 2.9\tex\latex\base\report.cls"
Document Class: report 2014/09/29 v1.4h Standard LaTeX document class
("C:\Program Files\MiKTeX 2.9\tex\latex\base\size12.clo"
File: size12.clo 2014/09/29 v1.4h Standard LaTeX file (size option)
)
\c@part=\count79
\c@chapter=\count80
\c@section=\count81
\c@subsection=\count82
\c@subsubsection=\count83
\c@paragraph=\count84
\c@subparagraph=\count85
\c@figure=\count86
\c@table=\count87
\abovecaptionskip=\skip41
\belowcaptionskip=\skip42
\bibindent=\dimen102
)
("C:\Program Files\MiKTeX 2.9\tex\latex\geometry\geometry.sty"
Package: geometry 2010/09/12 v5.6 Page Geometry

("C:\Program Files\MiKTeX 2.9\tex\latex\graphics\keyval.sty"
Package: keyval 2014/10/28 v1.15 key=value parser (DPC)
\KV@toks@=\toks14
)
("C:\Program Files\MiKTeX 2.9\tex\generic\oberdiek\ifpdf.sty"
Package: ifpdf 2011/01/30 v2.3 Provides the ifpdf switch (HO)
Package ifpdf Info: pdfTeX in PDF mode is detected.
)
("C:\Program Files\MiKTeX 2.9\tex\generic\oberdiek\ifvtex.sty"
Package: ifvtex 2010/03/01 v1.5 Detect VTeX and its facilities (HO)
Package ifvtex Info: VTeX not detected.
)
("C:\Program Files\MiKTeX 2.9\tex\generic\ifxetex\ifxetex.sty"
Package: ifxetex 2010/09/12 v0.6 Provides ifxetex conditional
)
\Gm@cnth=\count88
\Gm@cntv=\count89
\c@Gm@tempcnt=\count90
\Gm@bindingoffset=\dimen103
\Gm@wd@mp=\dimen104
\Gm@odd@mp=\dimen105
\Gm@even@mp=\dimen106
\Gm@layoutwidth=\dimen107
\Gm@layoutheight=\dimen108
\Gm@layouthoffset=\dimen109
\Gm@layoutvoffset=\dimen110
\Gm@dimlist=\toks15

("C:\Program Files\MiKTeX 2.9\tex\latex\geometry\geometry.cfg"))
("C:\Program Files\MiKTeX 2.9\tex\latex\graphics\graphicx.sty"
Package: graphicx 2014/10/28 v1.0g Enhanced LaTeX Graphics (DPC,SPQR)

("C:\Program Files\MiKTeX 2.9\tex\latex\graphics\graphics.sty"
Package: graphics 2014/10/28 v1.0p Standard LaTeX Graphics (DPC,SPQR)

("C:\Program Files\MiKTeX 2.9\tex\latex\graphics\trig.sty"
Package: trig 1999/03/16 v1.09 sin cos tan (DPC)
)
("C:\Program Files\MiKTeX 2.9\tex\latex\00miktex\graphics.cfg"
File: graphics.cfg 2007/01/18 v1.5 graphics configuration of teTeX/TeXLive
)
Package graphics Info: Driver file: pdftex.def on input line 94.

("C:\Program Files\MiKTeX 2.9\tex\latex\pdftex-def\pdftex.def"
File: pdftex.def 2011/05/27 v0.06d Graphics/color for pdfTeX

("C:\Program Files\MiKTeX 2.9\tex\generic\oberdiek\infwarerr.sty"
Package: infwarerr 2010/04/08 v1.3 Providing info/warning/error messages (HO)
)
("C:\Program Files\MiKTeX 2.9\tex\generic\oberdiek\ltxcmds.sty"
Package: ltxcmds 2011/11/09 v1.22 LaTeX kernel commands for general use (HO)
)
\Gread@gobject=\count91
))
\Gin@req@height=\dimen111
\Gin@req@width=\dimen112
)
("C:\Program Files\MiKTeX 2.9\tex\generic\babel\babel.sty"
Package: babel 2015/08/03 3.9m The Babel package

*************************************
* Local config file bblopts.cfg used
*
("C:\Program Files\MiKTeX 2.9\tex\latex\00miktex\bblopts.cfg"
File: bblopts.cfg 2006/07/31 v1.0 MiKTeX 'babel' configuration
)
("C:\Program Files\MiKTeX 2.9\tex\latex\babel-spanish\spanish.ldf"
Language: spanish.ldf 2016/03/03 v5.0p Spanish support from the babel system

("C:\Program Files\MiKTeX 2.9\tex\generic\babel\babel.def"
File: babel.def 2015/08/03 3.9m Babel common definitions
\babel@savecnt=\count92
\U@D=\dimen113
)
\es@quottoks=\toks16
\es@quotdepth=\count93
Package babel Info: Making " an active character on input line 561.
Package babel Info: Making . an active character on input line 662.
Package babel Info: Making < an active character on input line 707.
Package babel Info: Making > an active character on input line 707.
))
("C:\Program Files\MiKTeX 2.9\tex\latex\amsmath\amsmath.sty"
Package: amsmath 2013/01/14 v2.14 AMS math features
\@mathmargin=\skip43

For additional information on amsmath, use the `?' option.
("C:\Program Files\MiKTeX 2.9\tex\latex\amsmath\amstext.sty"
Package: amstext 2000/06/29 v2.01

("C:\Program Files\MiKTeX 2.9\tex\latex\amsmath\amsgen.sty"
File: amsgen.sty 1999/11/30 v2.0
\@emptytoks=\toks17
\ex@=\dimen114
))
("C:\Program Files\MiKTeX 2.9\tex\latex\amsmath\amsbsy.sty"
Package: amsbsy 1999/11/29 v1.2d
\pmbraise@=\dimen115
)
("C:\Program Files\MiKTeX 2.9\tex\latex\amsmath\amsopn.sty"
Package: amsopn 1999/12/14 v2.01 operator names
)
\inf@bad=\count94
LaTeX Info: Redefining \frac on input line 210.
\uproot@=\count95
\leftroot@=\count96
LaTeX Info: Redefining \overline on input line 306.
\classnum@=\count97
\DOTSCASE@=\count98
LaTeX Info: Redefining \ldots on input line 378.
LaTeX Info: Redefining \dots on input line 381.
LaTeX Info: Redefining \cdots on input line 466.
\Mathstrutbox@=\box26
\strutbox@=\box27
\big@size=\dimen116
LaTeX Font Info:    Redeclaring font encoding OML on input line 566.
LaTeX Font Info:    Redeclaring font encoding OMS on input line 567.
\macc@depth=\count99
\c@MaxMatrixCols=\count100
\dotsspace@=\muskip10
\c@parentequation=\count101
\dspbrk@lvl=\count102
\tag@help=\toks18
\row@=\count103
\column@=\count104
\maxfields@=\count105
\andhelp@=\toks19
\eqnshift@=\dimen117
\alignsep@=\dimen118
\tagshift@=\dimen119
\tagwidth@=\dimen120
\totwidth@=\dimen121
\lineht@=\dimen122
\@envbody=\toks20
\multlinegap=\skip44
\multlinetaggap=\skip45
\mathdisplay@stack=\toks21
LaTeX Info: Redefining \[ on input line 2665.
LaTeX Info: Redefining \] on input line 2666.
)
("C:\Program Files\MiKTeX 2.9\tex\latex\amsfonts\amssymb.sty"
Package: amssymb 2013/01/14 v3.01 AMS font symbols

("C:\Program Files\MiKTeX 2.9\tex\latex\amsfonts\amsfonts.sty"
Package: amsfonts 2013/01/14 v3.01 Basic AMSFonts support
\symAMSa=\mathgroup4
\symAMSb=\mathgroup5
LaTeX Font Info:    Overwriting math alphabet `\mathfrak' in version `bold'
(Font)                  U/euf/m/n --> U/euf/b/n on input line 106.
))
("C:\Program Files\MiKTeX 2.9\tex\latex\base\inputenc.sty"
Package: inputenc 2015/03/17 v1.2c Input encoding file
\inpenc@prehook=\toks22
\inpenc@posthook=\toks23

("C:\Program Files\MiKTeX 2.9\tex\latex\base\utf8.def"
File: utf8.def 2015/06/27 v1.1n UTF-8 support for inputenc
Now handling font encoding OML ...
... no UTF-8 mapping file for font encoding OML
Now handling font encoding T1 ...
... processing UTF-8 mapping file for font encoding T1

("C:\Program Files\MiKTeX 2.9\tex\latex\base\t1enc.dfu"
File: t1enc.dfu 2015/06/27 v1.1n UTF-8 support for inputenc
   defining Unicode char U+00A1 (decimal 161)
   defining Unicode char U+00A3 (decimal 163)
   defining Unicode char U+00AB (decimal 171)
   defining Unicode char U+00BB (decimal 187)
   defining Unicode char U+00BF (decimal 191)
   defining Unicode char U+00C0 (decimal 192)
   defining Unicode char U+00C1 (decimal 193)
   defining Unicode char U+00C2 (decimal 194)
   defining Unicode char U+00C3 (decimal 195)
   defining Unicode char U+00C4 (decimal 196)
   defining Unicode char U+00C5 (decimal 197)
   defining Unicode char U+00C6 (decimal 198)
   defining Unicode char U+00C7 (decimal 199)
   defining Unicode char U+00C8 (decimal 200)
   defining Unicode char U+00C9 (decimal 201)
   defining Unicode char U+00CA (decimal 202)
   defining Unicode char U+00CB (decimal 203)
   defining Unicode char U+00CC (decimal 204)
   defining Unicode char U+00CD (decimal 205)
   defining Unicode char U+00CE (decimal 206)
   defining Unicode char U+00CF (decimal 207)
   defining Unicode char U+00D0 (decimal 208)
   defining Unicode char U+00D1 (decimal 209)
   defining Unicode char U+00D2 (decimal 210)
   defining Unicode char U+00D3 (decimal 211)
   defining Unicode char U+00D4 (decimal 212)
   defining Unicode char U+00D5 (decimal 213)
   defining Unicode char U+00D6 (decimal 214)
   defining Unicode char U+00D8 (decimal 216)
   defining Unicode char U+00D9 (decimal 217)
   defining Unicode char U+00DA (decimal 218)
   defining Unicode char U+00DB (decimal 219)
   defining Unicode char U+00DC (decimal 220)
   defining Unicode char U+00DD (decimal 221)
   defining Unicode char U+00DE (decimal 222)
   defining Unicode char U+00DF (decimal 223)
   defining Unicode char U+00E0 (decimal 224)
   defining Unicode char U+00E1 (decimal 225)
   defining Unicode char U+00E2 (decimal 226)
   defining Unicode char U+00E3 (decimal 227)
   defining Unicode char U+00E4 (decimal 228)
   defining Unicode char U+00E5 (decimal 229)
   defining Unicode char U+00E6 (decimal 230)
   defining Unicode char U+00E7 (decimal 231)
   defining Unicode char U+00E8 (decimal 232)
   defining Unicode char U+00E9 (decimal 233)
   defining Unicode char U+00EA (decimal 234)
   defining Unicode char U+00EB (decimal 235)
   defining Unicode char U+00EC (decimal 236)
   defining Unicode char U+00ED (decimal 237)
   defining Unicode char U+00EE (decimal 238)
   defining Unicode char U+00EF (decimal 239)
   defining Unicode char U+00F0 (decimal 240)
   defining Unicode char U+00F1 (decimal 241)
   defining Unicode char U+00F2 (decimal 242)
   defining Unicode char U+00F3 (decimal 243)
   defining Unicode char U+00F4 (decimal 244)
   defining Unicode char U+00F5 (decimal 245)
   defining Unicode char U+00F6 (decimal 246)
   defining Unicode char U+00F8 (decimal 248)
   defining Unicode char U+00F9 (decimal 249)
   defining Unicode char U+00FA (decimal 250)
   defining Unicode char U+00FB (decimal 251)
   defining Unicode char U+00FC (decimal 252)
   defining Unicode char U+00FD (decimal 253)
   defining Unicode char U+00FE (decimal 254)
   defining Unicode char U+00FF (decimal 255)
   defining Unicode char U+0102 (decimal 258)
   defining Unicode char U+0103 (decimal 259)
   defining Unicode char U+0104 (decimal 260)
   defining Unicode char U+0105 (decimal 261)
   defining Unicode char U+0106 (decimal 262)
   defining Unicode char U+0107 (decimal 263)
   defining Unicode char U+010C (decimal 268)
   defining Unicode char U+010D (decimal 269)
   defining Unicode char U+010E (decimal 270)
   defining Unicode char U+010F (decimal 271)
   defining Unicode char U+0110 (decimal 272)
   defining Unicode char U+0111 (decimal 273)
   defining Unicode char U+0118 (decimal 280)
   defining Unicode char U+0119 (decimal 281)
   defining Unicode char U+011A (decimal 282)
   defining Unicode char U+011B (decimal 283)
   defining Unicode char U+011E (decimal 286)
   defining Unicode char U+011F (decimal 287)
   defining Unicode char U+0130 (decimal 304)
   defining Unicode char U+0131 (decimal 305)
   defining Unicode char U+0132 (decimal 306)
   defining Unicode char U+0133 (decimal 307)
   defining Unicode char U+0139 (decimal 313)
   defining Unicode char U+013A (decimal 314)
   defining Unicode char U+013D (decimal 317)
   defining Unicode char U+013E (decimal 318)
   defining Unicode char U+0141 (decimal 321)
   defining Unicode char U+0142 (decimal 322)
   defining Unicode char U+0143 (decimal 323)
   defining Unicode char U+0144 (decimal 324)
   defining Unicode char U+0147 (decimal 327)
   defining Unicode char U+0148 (decimal 328)
   defining Unicode char U+014A (decimal 330)
   defining Unicode char U+014B (decimal 331)
   defining Unicode char U+0150 (decimal 336)
   defining Unicode char U+0151 (decimal 337)
   defining Unicode char U+0152 (decimal 338)
   defining Unicode char U+0153 (decimal 339)
   defining Unicode char U+0154 (decimal 340)
   defining Unicode char U+0155 (decimal 341)
   defining Unicode char U+0158 (decimal 344)
   defining Unicode char U+0159 (decimal 345)
   defining Unicode char U+015A (decimal 346)
   defining Unicode char U+015B (decimal 347)
   defining Unicode char U+015E (decimal 350)
   defining Unicode char U+015F (decimal 351)
   defining Unicode char U+0160 (decimal 352)
   defining Unicode char U+0161 (decimal 353)
   defining Unicode char U+0162 (decimal 354)
   defining Unicode char U+0163 (decimal 355)
   defining Unicode char U+0164 (decimal 356)
   defining Unicode char U+0165 (decimal 357)
   defining Unicode char U+016E (decimal 366)
   defining Unicode char U+016F (decimal 367)
   defining Unicode char U+0170 (decimal 368)
   defining Unicode char U+0171 (decimal 369)
   defining Unicode char U+0178 (decimal 376)
   defining Unicode char U+0179 (decimal 377)
   defining Unicode char U+017A (decimal 378)
   defining Unicode char U+017B (decimal 379)
   defining Unicode char U+017C (decimal 380)
   defining Unicode char U+017D (decimal 381)
   defining Unicode char U+017E (decimal 382)
   defining Unicode char U+200C (decimal 8204)
   defining Unicode char U+2013 (decimal 8211)
   defining Unicode char U+2014 (decimal 8212)
   defining Unicode char U+2018 (decimal 8216)
   defining Unicode char U+2019 (decimal 8217)
   defining Unicode char U+201A (decimal 8218)
   defining Unicode char U+201C (decimal 8220)
   defining Unicode char U+201D (decimal 8221)
   defining Unicode char U+201E (decimal 8222)
   defining Unicode char U+2030 (decimal 8240)
   defining Unicode char U+2031 (decimal 8241)
   defining Unicode char U+2039 (decimal 8249)
   defining Unicode char U+203A (decimal 8250)
   defining Unicode char U+2423 (decimal 9251)
)
Now handling font encoding OT1 ...
... processing UTF-8 mapping file for font encoding OT1

("C:\Program Files\MiKTeX 2.9\tex\latex\base\ot1enc.dfu"
File: ot1enc.dfu 2015/06/27 v1.1n UTF-8 support for inputenc
   defining Unicode char U+00A1 (decimal 161)
   defining Unicode char U+00A3 (decimal 163)
   defining Unicode char U+00B8 (decimal 184)
   defining Unicode char U+00BF (decimal 191)
   defining Unicode char U+00C5 (decimal 197)
   defining Unicode char U+00C6 (decimal 198)
   defining Unicode char U+00D8 (decimal 216)
   defining Unicode char U+00DF (decimal 223)
   defining Unicode char U+00E6 (decimal 230)
   defining Unicode char U+00EC (decimal 236)
   defining Unicode char U+00ED (decimal 237)
   defining Unicode char U+00EE (decimal 238)
   defining Unicode char U+00EF (decimal 239)
   defining Unicode char U+00F8 (decimal 248)
   defining Unicode char U+0131 (decimal 305)
   defining Unicode char U+0141 (decimal 321)
   defining Unicode char U+0142 (decimal 322)
   defining Unicode char U+0152 (decimal 338)
   defining Unicode char U+0153 (decimal 339)
   defining Unicode char U+2013 (decimal 8211)
   defining Unicode char U+2014 (decimal 8212)
   defining Unicode char U+2018 (decimal 8216)
   defining Unicode char U+2019 (decimal 8217)
   defining Unicode char U+201C (decimal 8220)
   defining Unicode char U+201D (decimal 8221)
)
Now handling font encoding OMS ...
... processing UTF-8 mapping file for font encoding OMS

("C:\Program Files\MiKTeX 2.9\tex\latex\base\omsenc.dfu"
File: omsenc.dfu 2015/06/27 v1.1n UTF-8 support for inputenc
   defining Unicode char U+00A7 (decimal 167)
   defining Unicode char U+00B6 (decimal 182)
   defining Unicode char U+00B7 (decimal 183)
   defining Unicode char U+2020 (decimal 8224)
   defining Unicode char U+2021 (decimal 8225)
   defining Unicode char U+2022 (decimal 8226)
)
Now handling font encoding OMX ...
... no UTF-8 mapping file for font encoding OMX
Now handling font encoding U ...
... no UTF-8 mapping file for font encoding U
   defining Unicode char U+00A9 (decimal 169)
   defining Unicode char U+00AA (decimal 170)
   defining Unicode char U+00AE (decimal 174)
   defining Unicode char U+00BA (decimal 186)
   defining Unicode char U+02C6 (decimal 710)
   defining Unicode char U+02DC (decimal 732)
   defining Unicode char U+200C (decimal 8204)
   defining Unicode char U+2026 (decimal 8230)
   defining Unicode char U+2122 (decimal 8482)
   defining Unicode char U+2423 (decimal 9251)
))
("C:\Program Files\MiKTeX 2.9\tex\latex\base\fontenc.sty"
Package: fontenc 2005/09/27 v1.99g Standard LaTeX package

("C:\Program Files\MiKTeX 2.9\tex\latex\base\t1enc.def"
File: t1enc.def 2005/09/27 v1.99g Standard LaTeX file
LaTeX Font Info:    Redeclaring font encoding T1 on input line 48.
))
("C:\Program Files\MiKTeX 2.9\tex\latex\graphics\color.sty"
Package: color 2014/10/28 v1.1a Standard LaTeX Color (DPC)

("C:\Program Files\MiKTeX 2.9\tex\latex\00miktex\color.cfg"
File: color.cfg 2007/01/18 v1.5 color configuration of teTeX/TeXLive
)
Package color Info: Driver file: pdftex.def on input line 142.
)
("C:\Program Files\MiKTeX 2.9\tex\latex\base\alltt.sty"
Package: alltt 1997/06/16 v2.0g defines alltt environment
)
("C:\Program Files\MiKTeX 2.9\tex\latex\psnfss\times.sty"
Package: times 2005/04/12 PSNFSS-v9.2a (SPQR) 
)
("C:\Program Files\MiKTeX 2.9\tex\latex\base\latexsym.sty"
Package: latexsym 1998/08/17 v2.2e Standard LaTeX package (lasy symbols)
\symlasy=\mathgroup6
LaTeX Font Info:    Overwriting symbol font `lasy' in version `bold'
(Font)                  U/lasy/m/n --> U/lasy/b/n on input line 52.
) (anyfontsize.sty
Package: anyfontsize 2007/11/22 anyfontsize.sty by pts
)
("C:\Program Files\MiKTeX 2.9\tex\latex\setspace\setspace.sty"
Package: setspace 2011/12/19 v6.7a set line spacing
)
("C:\Program Files\MiKTeX 2.9\tex\latex\booktabs\booktabs.sty"
Package: booktabs 2005/04/14 v1.61803 publication quality tables
\heavyrulewidth=\dimen123
\lightrulewidth=\dimen124
\cmidrulewidth=\dimen125
\belowrulesep=\dimen126
\belowbottomsep=\dimen127
\aboverulesep=\dimen128
\abovetopsep=\dimen129
\cmidrulesep=\dimen130
\cmidrulekern=\dimen131
\defaultaddspace=\dimen132
\@cmidla=\count106
\@cmidlb=\count107
\@aboverulesep=\dimen133
\@belowrulesep=\dimen134
\@thisruleclass=\count108
\@lastruleclass=\count109
\@thisrulewidth=\dimen135
) (changepage.sty
Package: changepage 2009/10/20 v1.0c check page and change page layout
\c@cp@cntr=\count110
\cp@tempcnt=\count111
) (C:\Users\User\AppData\Roaming\MiKTeX\2.9\tex\latex\ulem\ulem.sty
\UL@box=\box28
\UL@hyphenbox=\box29
\UL@skip=\skip46
\UL@hook=\toks24
\UL@height=\dimen136
\UL@pe=\count112
\UL@pixel=\dimen137
\ULC@box=\box30
Package: ulem 2012/05/18
\ULdepth=\dimen138
)
("C:\Program Files\MiKTeX 2.9\tex\latex\float\float.sty"
Package: float 2001/11/08 v1.3d Float enhancements (AL)
\c@float@type=\count113
\float@exts=\toks25
\float@box=\box31
\@float@everytoks=\toks26
\@floatcapt=\box32
)
("C:\Program Files\MiKTeX 2.9\tex\latex\url\url.sty"
\Urlmuskip=\muskip11
Package: url 2013/09/16  ver 3.4  Verb mode for urls, etc.
)
("C:\Program Files\MiKTeX 2.9\tex\latex\caption\caption.sty"
Package: caption 2016/02/21 v3.3-144 Customizing captions (AR)

("C:\Program Files\MiKTeX 2.9\tex\latex\caption\caption3.sty"
Package: caption3 2016/05/22 v1.7-166 caption3 kernel (AR)
Package caption3 Info: TeX engine: e-TeX on input line 67.
\captionmargin=\dimen139
\captionmargin@=\dimen140
\captionwidth=\dimen141
\caption@tempdima=\dimen142
\caption@indent=\dimen143
\caption@parindent=\dimen144
\caption@hangindent=\dimen145
)
\c@ContinuedFloat=\count114
Package caption Info: float package is loaded.
)
("C:\Program Files\MiKTeX 2.9\tex\latex\ltxmisc\parskip.sty"
Package: parskip 2001/04/09 non-zero parskip adjustments
)
("C:\Program Files\MiKTeX 2.9\tex\latex\multirow\multirow.sty"
\bigstrutjot=\dimen146
)
("C:\Program Files\MiKTeX 2.9\tex\latex\tools\multicol.sty"
Package: multicol 2015/03/31 v1.8m multicolumn formatting (FMi)
\c@tracingmulticols=\count115
\mult@box=\box33
\multicol@leftmargin=\dimen147
\c@unbalance=\count116
\c@collectmore=\count117
\doublecol@number=\count118
\multicoltolerance=\count119
\multicolpretolerance=\count120
\full@width=\dimen148
\page@free=\dimen149
\premulticols=\dimen150
\postmulticols=\dimen151
\multicolsep=\skip47
\multicolbaselineskip=\skip48
\partial@page=\box34
\last@line=\box35
\maxbalancingoverflow=\dimen152
\mult@rightbox=\box36
\mult@grightbox=\box37
\mult@gfirstbox=\box38
\mult@firstbox=\box39
\@tempa=\box40
\@tempa=\box41
\@tempa=\box42
\@tempa=\box43
\@tempa=\box44
\@tempa=\box45
\@tempa=\box46
\@tempa=\box47
\@tempa=\box48
\@tempa=\box49
\@tempa=\box50
\@tempa=\box51
\@tempa=\box52
\@tempa=\box53
\@tempa=\box54
\@tempa=\box55
\@tempa=\box56
\c@columnbadness=\count121
\c@finalcolumnbadness=\count122
\last@try=\dimen153
\multicolovershoot=\dimen154
\multicolundershoot=\dimen155
\mult@nat@firstbox=\box57
\colbreak@box=\box58
\mc@col@check@num=\count123
)
("C:\Program Files\MiKTeX 2.9\tex\latex\tools\array.sty"
Package: array 2014/10/28 v2.4c Tabular extension package (FMi)
\col@sep=\dimen156
\extrarowheight=\dimen157
\NC@list=\toks27
\extratabsurround=\skip49
\backup@length=\skip50
) (colortbl.sty
Package: colortbl 2012/02/13 v1.0a Color table columns (DPC)
\everycr=\toks28
\minrowclearance=\skip51
)
("C:\Program Files\MiKTeX 2.9\tex\latex\natbib\natbib.sty"
Package: natbib 2010/09/13 8.31b (PWD, AO)
\bibhang=\skip52
\bibsep=\skip53
LaTeX Info: Redefining \cite on input line 694.
\c@NAT@ctr=\count124
) (xcolor.sty
Package: xcolor 2004/07/04 v2.00 LaTeX color extensions (UK)

("C:\Program Files\MiKTeX 2.9\tex\latex\00miktex\color.cfg"
File: color.cfg 2007/01/18 v1.5 color configuration of teTeX/TeXLive
)
Package xcolor Info: Driver file: pdftex.def on input line 136.
LaTeX Info: Redefining \color on input line 494.
Package xcolor Info: Color model `cmy' added on input line 972.
Package xcolor Info: Color model `hsb' added on input line 980.
Package xcolor Info: Color model `HTML' added on input line 1000.
Package xcolor Info: Color model `HSB' added on input line 1006.
Package xcolor Info: Color model `Gray' added on input line 1012.
) (origin.aux
LaTeX Info: Redefining \. on input line 6.
LaTeX Info: Redefining \% on input line 6.
)
LaTeX Font Info:    Checking defaults for OML/cmm/m/it on input line 68.
LaTeX Font Info:    ... okay on input line 68.
LaTeX Font Info:    Checking defaults for T1/cmr/m/n on input line 68.
LaTeX Font Info:    ... okay on input line 68.
LaTeX Font Info:    Checking defaults for OT1/cmr/m/n on input line 68.
LaTeX Font Info:    ... okay on input line 68.
LaTeX Font Info:    Checking defaults for OMS/cmsy/m/n on input line 68.
LaTeX Font Info:    ... okay on input line 68.
LaTeX Font Info:    Checking defaults for OMX/cmex/m/n on input line 68.
LaTeX Font Info:    ... okay on input line 68.
LaTeX Font Info:    Checking defaults for U/cmr/m/n on input line 68.
LaTeX Font Info:    ... okay on input line 68.
LaTeX Font Info:    Try loading font information for T1+ptm on input line 68.

("C:\Program Files\MiKTeX 2.9\tex\latex\psnfss\t1ptm.fd"
File: t1ptm.fd 2001/06/04 font definitions for T1/ptm.
)
*geometry* driver: auto-detecting
*geometry* detected driver: pdftex
*geometry* verbose mode - [ preamble ] result:
* driver: pdftex
* paper: a4paper
* layout: <same size as paper>
* layoutoffset:(h,v)=(0.0pt,0.0pt)
* modes: 
* h-part:(L,W,R)=(85.35826pt, 455.24411pt, 56.9055pt)
* v-part:(T,H,B)=(71.13188pt, 731.23584pt, 42.67912pt)
* \paperwidth=597.50787pt
* \paperheight=845.04684pt
* \textwidth=455.24411pt
* \textheight=731.23584pt
* \oddsidemargin=13.08827pt
* \evensidemargin=13.08827pt
* \topmargin=-38.1381pt
* \headheight=12.0pt
* \headsep=25.0pt
* \topskip=12.0pt
* \footskip=30.0pt
* \marginparwidth=35.0pt
* \marginparsep=10.0pt
* \columnsep=10.0pt
* \skip\footins=10.8pt plus 4.0pt minus 2.0pt
* \hoffset=0.0pt
* \voffset=0.0pt
* \mag=1000
* \@twocolumnfalse
* \@twosidefalse
* \@mparswitchfalse
* \@reversemarginfalse
* (1in=72.27pt=25.4mm, 1cm=28.453pt)

("C:\Program Files\MiKTeX 2.9\tex\context\base\supp-pdf.mkii"
[Loading MPS to PDF converter (version 2006.09.02).]
\scratchcounter=\count125
\scratchdimen=\dimen158
\scratchbox=\box59
\nofMPsegments=\count126
\nofMParguments=\count127
\everyMPshowfont=\toks29
\MPscratchCnt=\count128
\MPscratchDim=\dimen159
\MPnumerator=\count129
\makeMPintoPDFobject=\count130
\everyMPtoPDFconversion=\toks30
)
LaTeX Info: Redefining \. on input line 68.
LaTeX Info: Redefining \% on input line 68.
Package caption Info: Begin \AtBeginDocument code.
Package caption Info: End \AtBeginDocument code.
\rownum=\count131
 (CAP1.tex
LaTeX Font Info:    Font shape `T1/ptm/bx/n' in size <12> not available
(Font)              Font shape `T1/ptm/b/n' tried instead on input line 6.
LaTeX Font Info:    Font shape `T1/ptm/bx/n' in size <14> not available
(Font)              Font shape `T1/ptm/b/n' tried instead on input line 6.
 <images/unt.jpg, id=1, 506.89375pt x 409.53pt>
File: images/unt.jpg Graphic file (type jpg)

<use images/unt.jpg>
Package pdftex.def Info: images/unt.jpg used on input line 15.
(pdftex.def)             Requested size: 182.09486pt x 147.11824pt.
LaTeX Font Info:    Font shape `T1/ptm/bx/n' in size <17> not available
(Font)              Font shape `T1/ptm/b/n' tried instead on input line 22.
 [1

{C:/Users/User/AppData/Local/MiKTeX/2.9/pdftex/config/pdftex.map} <./images/unt
.jpg>] [1] [2]
LaTeX Font Info:    Font shape `T1/ptm/bx/n' in size <17.28> not available
(Font)              Font shape `T1/ptm/b/n' tried instead on input line 81.
LaTeX Font Info:    Try loading font information for U+msa on input line 92.

("C:\Program Files\MiKTeX 2.9\tex\latex\amsfonts\umsa.fd"
File: umsa.fd 2013/01/14 v3.01 AMS symbols A
)
LaTeX Font Info:    Try loading font information for U+msb on input line 92.

("C:\Program Files\MiKTeX 2.9\tex\latex\amsfonts\umsb.fd"
File: umsb.fd 2013/01/14 v3.01 AMS symbols B
)
LaTeX Font Info:    Try loading font information for U+lasy on input line 92.

("C:\Program Files\MiKTeX 2.9\tex\latex\base\ulasy.fd"
File: ulasy.fd 1998/08/17 v2.2e LaTeX symbol font definitions
) [3] [4] [5]
LaTeX Font Info:    Font shape `T1/ptm/bx/n' in size <20.74> not available
(Font)              Font shape `T1/ptm/b/n' tried instead on input line 151.
 [6]
[7]) [8]
LaTeX Font Info:    Font shape `T1/ptm/bx/n' in size <24.88> not available
(Font)              Font shape `T1/ptm/b/n' tried instead on input line 73.
 (origin.lof
LaTeX Info: Redefining \. on input line 1.
LaTeX Info: Redefining \% on input line 1.
 [9

] [10] [11])
\tf@lof=\write3
 [12] (origin.lot
LaTeX Info: Redefining \. on input line 1.
LaTeX Info: Redefining \% on input line 1.
)
\tf@lot=\write4
 [13

] (origin.toc
LaTeX Info: Redefining \. on input line 1.
LaTeX Info: Redefining \% on input line 1.
LaTeX Font Info:    Font shape `T1/ptm/bx/sc' in size <12> not available
(Font)              Font shape `T1/ptm/b/sc' tried instead on input line 2.
 [14

]
Overfull \hbox (22.25606pt too wide) in paragraph at lines 37--37
 [][] []\T1/ptm/m/n/12 Gradiente Des-cen-dien-te Es-to-cás-ti-co(Stochastic Gra
-dient Descent- 
 []

[15] [16])
\tf@toc=\write5
 (CAP2.tex [17]
Cap\'{\i }tulo 1.

Overfull \hbox (53.57628pt too wide) in paragraph at lines 12--13
[]\T1/ptm/m/n/12 La in-se-gu-ri-dad vial es un pro-ble-ma de in-te-rés mun-dial
, se-gún el úl-ti-mo in-for-me de la OMS(Organización
 []

[1

] <images/intro/velocidad.jpg, id=69, 638.385pt x 425.59pt>
File: images/intro/velocidad.jpg Graphic file (type jpg)

<use images/intro/velocidad.jpg>
Package pdftex.def Info: images/intro/velocidad.jpg used on input line 23.
(pdftex.def)             Requested size: 341.43307pt x 227.62021pt.
 [2 <./images/intro/velocidad.jpg>]
<images/intro/responsabilidad_cond.jpg, id=73, 953.5625pt x 531.9875pt>
File: images/intro/responsabilidad_cond.jpg Graphic file (type jpg)

<use images/intro/responsabilidad_cond.jpg>
Package pdftex.def Info: images/intro/responsabilidad_cond.jpg used on input li
ne 43.
(pdftex.def)             Requested size: 227.62206pt x 126.98962pt.

<images/intro/velocidad_ind.jpg, id=74, 953.5625pt x 531.9875pt>
File: images/intro/velocidad_ind.jpg Graphic file (type jpg)

<use images/intro/velocidad_ind.jpg>
Package pdftex.def Info: images/intro/velocidad_ind.jpg used on input line 55.
(pdftex.def)             Requested size: 273.14923pt x 152.38918pt.
 [3 <./images/intro/responsabilidad_cond.jpg>]
LaTeX Font Info:    Font shape `T1/ptm/bx/n' in size <14.4> not available
(Font)              Font shape `T1/ptm/b/n' tried instead on input line 76.
 [4 <./images/intro/velocidad_ind.jpg>] [5] [6]
<images/intro/GTSRB.png, id=87, 760.34062pt x 306.39468pt>
File: images/intro/GTSRB.png Graphic file (type png)

<use images/intro/GTSRB.png>
Package pdftex.def Info: images/intro/GTSRB.png used on input line 106.
(pdftex.def)             Requested size: 318.66948pt x 128.4184pt.
 [7] [8 <./images/intro/GTSRB.png (PNG copy)>]
[9] <images/intro/bloque.png, id=98, 776.9025pt x 196.48407pt>
File: images/intro/bloque.png Graphic file (type png)

<use images/intro/bloque.png>
Package pdftex.def Info: images/intro/bloque.png used on input line 148.
(pdftex.def)             Requested size: 364.19667pt x 92.11067pt.
 [10 <./images/intro/bloque.png (PNG copy)>]
[11] [12] [13]) (CAP3.tex [14]
Cap\'{\i }tulo 2.
[15

] [16] [17] [18] [19]
<images/marcoteorico/deepExam.png, id=131, 450.18187pt x 367.3725pt>
File: images/marcoteorico/deepExam.png Graphic file (type png)

<use images/marcoteorico/deepExam.png>
Package pdftex.def Info: images/marcoteorico/deepExam.png used on input line 38
.
(pdftex.def)             Requested size: 318.66948pt x 260.0627pt.
 [20 <./images/marcoteorico/deepExam.png (PNG copy)>] [21]
<images/marcoteorico/venn_diag.png, id=138, 435.12563pt x 458.46281pt>
File: images/marcoteorico/venn_diag.png Graphic file (type png)

<use images/marcoteorico/venn_diag.png>
Package pdftex.def Info: images/marcoteorico/venn_diag.png used on input line 5
7.
(pdftex.def)             Requested size: 364.19667pt x 383.75598pt.
 [22] [23 <./images/marcoteorico/venn_diag.png (PNG copy)>]
<images/marcoteorico/entr_salida.png, id=145, 780.66656pt x 246.9225pt>
File: images/marcoteorico/entr_salida.png Graphic file (type png)

<use images/marcoteorico/entr_salida.png>
Package pdftex.def Info: images/marcoteorico/entr_salida.png used on input line
 77.
(pdftex.def)             Requested size: 318.66948pt x 100.79428pt.

<images/marcoteorico/literalcomp.png, id=146, 784.43062pt x 182.93344pt>
File: images/marcoteorico/literalcomp.png Graphic file (type png)

<use images/marcoteorico/literalcomp.png>
Package pdftex.def Info: images/marcoteorico/literalcomp.png used on input line
 90.
(pdftex.def)             Requested size: 364.19667pt x 84.93475pt.
 [24 <./images/marcoteorico/entr_salida.png (PNG copy)>]
<images/marcoteorico/types.png, id=150, 383.93437pt x 371.88937pt>
File: images/marcoteorico/types.png Graphic file (type png)

<use images/marcoteorico/types.png>
Package pdftex.def Info: images/marcoteorico/types.png used on input line 107.
(pdftex.def)             Requested size: 273.14923pt x 264.59373pt.
 [25 <./images/marcoteorico/literalcomp.png (PNG copy)>] [26 <./images/marcoteo
rico/types.png (PNG copy)>]
<images/marcoteorico/generate_filt1.png, id=158, 440.39531pt x 243.91125pt>
File: images/marcoteorico/generate_filt1.png Graphic file (type png)

<use images/marcoteorico/generate_filt1.png>
Package pdftex.def Info: images/marcoteorico/generate_filt1.png used on input l
ine 126.
(pdftex.def)             Requested size: 341.43307pt x 189.1074pt.

<images/marcoteorico/Convolution_calculation1.jpg, id=159, 691.08188pt x 491.58
656pt>
File: images/marcoteorico/Convolution_calculation1.jpg Graphic file (type jpg)
 <use images/marcoteorico/Convolution_calculation1.jpg>
Package pdftex.def Info: images/marcoteorico/Convolution_calculation1.jpg used 
on input line 137.
(pdftex.def)             Requested size: 341.43307pt x 242.87479pt.
 [27 <./images/marcoteorico/generate_filt1.png (PNG copy)> <./images/marcoteori
co/Convolution_calculation1.jpg>]
<images/marcoteorico/conv_filt1.png, id=163, 568.37344pt x 267.24844pt>
File: images/marcoteorico/conv_filt1.png Graphic file (type png)

<use images/marcoteorico/conv_filt1.png>
Package pdftex.def Info: images/marcoteorico/conv_filt1.png used on input line 
150.
(pdftex.def)             Requested size: 341.43307pt x 160.54604pt.

<images/marcoteorico/Convolution_calculation2.jpg, id=164, 1013.28563pt x 472.7
6625pt>
File: images/marcoteorico/Convolution_calculation2.jpg Graphic file (type jpg)
 <use images/marcoteorico/Convolution_calculation2.jpg>
Package pdftex.def Info: images/marcoteorico/Convolution_calculation2.jpg used 
on input line 161.
(pdftex.def)             Requested size: 341.43307pt x 159.29562pt.
 [28 <./images/marcoteorico/conv_filt1.png (PNG copy)> <./images/marcoteorico/C
onvolution_calculation2.jpg>]
<images/marcoteorico/sparceCon.png, id=168, 380.17032pt x 373.395pt>
File: images/marcoteorico/sparceCon.png Graphic file (type png)

<use images/marcoteorico/sparceCon.png>
Package pdftex.def Info: images/marcoteorico/sparceCon.png used on input line 1
81.
(pdftex.def)             Requested size: 227.62206pt x 223.57153pt.
 [29 <./images/marcoteorico/sparceCon.png (PNG copy)>] [30]
<images/marcoteorico/result_conv.png, id=177, 595.47469pt x 432.11438pt>
File: images/marcoteorico/result_conv.png Graphic file (type png)

<use images/marcoteorico/result_conv.png>
Package pdftex.def Info: images/marcoteorico/result_conv.png used on input line
 205.
(pdftex.def)             Requested size: 273.14923pt x 198.21457pt.

Overfull \hbox (23.76881pt too wide) in paragraph at lines 214--215
[]\T1/ptm/m/n/12 En re-su-men, se tie-ne un con-jun-to com-ple-to de "n"filtros
 en ca-da ca-pa con-vo-lu-cio-nal(determinando
 []

[31 <./images/marcoteorico/result_conv.png (PNG copy)>]
<images/marcoteorico/stride.png, id=182, 652.68843pt x 316.18124pt>
File: images/marcoteorico/stride.png Graphic file (type png)

<use images/marcoteorico/stride.png>
Package pdftex.def Info: images/marcoteorico/stride.png used on input line 227.

(pdftex.def)             Requested size: 295.90588pt x 143.35129pt.

<images/marcoteorico/PAD2.png, id=183, 240.9pt x 221.32687pt>
File: images/marcoteorico/PAD2.png Graphic file (type png)

<use images/marcoteorico/PAD2.png>
Package pdftex.def Info: images/marcoteorico/PAD2.png used on input line 239.
(pdftex.def)             Requested size: 182.09486pt x 167.30507pt.
 [32 <./images/marcoteorico/stride.png (PNG copy)>]
Underfull \hbox (badness 10000) in paragraph at lines 257--261

 []

LaTeX Font Info:    Calculating math sizes for size <12.4> on input line 265.

Overfull \hbox (40.04361pt too wide) in paragraph at lines 263--287
[][] [] 
 []

[33 <./images/marcoteorico/PAD2.png (PNG copy)>]
<images/marcoteorico/Convolution_calculation_borders.jpg, id=190, 1023.825pt x 
490.08093pt>
File: images/marcoteorico/Convolution_calculation_borders.jpg Graphic file (typ
e jpg)
 <use images/marcoteorico/Convolution_calculation_borders.jpg>
Package pdftex.def Info: images/marcoteorico/Convolution_calculation_borders.jp
g used on input line 307.
(pdftex.def)             Requested size: 409.71692pt x 196.11864pt.

[34 <./images/marcoteorico/Convolution_calculation_borders.jpg>]
<images/marcoteorico/activfunct.png, id=201, 1588.93625pt x 464.73625pt>
File: images/marcoteorico/activfunct.png Graphic file (type png)

<use images/marcoteorico/activfunct.png>
Package pdftex.def Info: images/marcoteorico/activfunct.png used on input line 
330.
(pdftex.def)             Requested size: 364.19667pt x 106.51834pt.
 [35 <./images/marcoteorico/activfunct.png (PNG copy)>]
<images/marcoteorico/relu.png, id=205, 428.35031pt x 207.02344pt>
File: images/marcoteorico/relu.png Graphic file (type png)

<use images/marcoteorico/relu.png>
Package pdftex.def Info: images/marcoteorico/relu.png used on input line 343.
(pdftex.def)             Requested size: 364.19667pt x 176.01813pt.
 [36 <./images/marcoteorico/relu.png (PNG copy)>]
<images/marcoteorico/dropout_sample.png, id=209, 624.08156pt x 277.78781pt>
File: images/marcoteorico/dropout_sample.png Graphic file (type png)

<use images/marcoteorico/dropout_sample.png>
Package pdftex.def Info: images/marcoteorico/dropout_sample.png used on input l
ine 362.
(pdftex.def)             Requested size: 364.19667pt x 162.11311pt.

<images/marcoteorico/dropout.png, id=211, 389.20406pt x 146.79843pt>
File: images/marcoteorico/dropout.png Graphic file (type png)

<use images/marcoteorico/dropout.png>
Package pdftex.def Info: images/marcoteorico/dropout.png used on input line 376
.
(pdftex.def)             Requested size: 364.19667pt x 137.37006pt.
 [37 <./images/marcoteorico/dropout_sample.png>] <images/marcoteorico/pooling.p
ng, id=217, 459.96844pt x 175.40532pt>
File: images/marcoteorico/pooling.png Graphic file (type png)

<use images/marcoteorico/pooling.png>
Package pdftex.def Info: images/marcoteorico/pooling.png used on input line 393
.
(pdftex.def)             Requested size: 364.19667pt x 138.88985pt.
 [38 <./images/marcoteorico/dropout.png (PNG copy)>] <images/marcoteorico/pool1
.png, id=221, 697.10437pt x 286.82156pt>
File: images/marcoteorico/pool1.png Graphic file (type png)

<use images/marcoteorico/pool1.png>
Package pdftex.def Info: images/marcoteorico/pool1.png used on input line 409.
(pdftex.def)             Requested size: 341.43307pt x 140.48251pt.
 [39 <./images/marcoteorico/pooling.png (PNG copy)> <./images/marcoteorico/pool
1.png (PNG copy)>]
<images/marcoteorico/pool2.png, id=225, 657.95813pt x 487.8225pt>
File: images/marcoteorico/pool2.png Graphic file (type png)

<use images/marcoteorico/pool2.png>
Package pdftex.def Info: images/marcoteorico/pool2.png used on input line 422.
(pdftex.def)             Requested size: 318.66948pt x 236.27354pt.

Underfull \hbox (badness 10000) in paragraph at lines 432--435

 []


Overfull \hbox (40.04361pt too wide) in paragraph at lines 437--458
[][] [] 
 []

<images/marcoteorico/pool4.png, id=226, 395.97937pt x 173.14688pt>
File: images/marcoteorico/pool4.png Graphic file (type png)

<use images/marcoteorico/pool4.png>
Package pdftex.def Info: images/marcoteorico/pool4.png used on input line 461.
(pdftex.def)             Requested size: 227.62206pt x 99.53226pt.
 [40 <./images/marcoteorico/pool2.png (PNG copy)>] [41 <./images/marcoteorico/p
ool4.png (PNG copy)>]
<images/marcoteorico/modelo.png, id=234, 799.48688pt x 296.60812pt>
File: images/marcoteorico/modelo.png Graphic file (type png)

<use images/marcoteorico/modelo.png>
Package pdftex.def Info: images/marcoteorico/modelo.png used on input line 484.

(pdftex.def)             Requested size: 364.19667pt x 135.11531pt.
 [42 <./images/marcoteorico/modelo.png (PNG copy)>] [43]
<images/desarrollo/entrenamiento/gradient.png, id=242, 435.87843pt x 253.69781p
t>
File: images/desarrollo/entrenamiento/gradient.png Graphic file (type png)
 <use images/desarrollo/entrenamiento/gradient.png>
Package pdftex.def Info: images/desarrollo/entrenamiento/gradient.png used on i
nput line 528.
(pdftex.def)             Requested size: 364.19667pt x 211.97433pt.
LaTeX Font Info:    Calculating math sizes for size <20.8> on input line 540.
LaTeX Font Info:    Calculating math sizes for size <17.8> on input line 551.
 [44 <./images/desarrollo/entrenamiento/gradient.png>] [45]
<images/desarrollo/entrenamiento/LR.png, id=250, 781.41937pt x 323.70938pt>
File: images/desarrollo/entrenamiento/LR.png Graphic file (type png)

<use images/desarrollo/entrenamiento/LR.png>
Package pdftex.def Info: images/desarrollo/entrenamiento/LR.png used on input l
ine 590.
(pdftex.def)             Requested size: 455.24411pt x 188.59126pt.
 [46]
<images/desarrollo/entrenamiento/lr_finder.png, id=254, 950.55125pt x 488.82625
pt>
File: images/desarrollo/entrenamiento/lr_finder.png Graphic file (type png)
 <use images/desarrollo/entrenamiento/lr_finder.png>
Package pdftex.def Info: images/desarrollo/entrenamiento/lr_finder.png used on 
input line 605.
(pdftex.def)             Requested size: 455.24411pt x 234.1118pt.
 [47 <./images/desarrollo/entrenamiento/LR.png> <./images/desarrollo/entrenamie
nto/lr_finder.png>]
[48] [49] [50] [51]) (CAP4.tex [52]
Cap\'{\i }tulo 3.
[42

] [43] [44] [45] [46]) (CAP5.tex [47]
Cap\'{\i }tulo 4.
<images/desarrollo/imagenes/1__(1).png, id=301, 578.16pt x 69.3792pt>
File: images/desarrollo/imagenes/1__(1).png Graphic file (type png)

<use images/desarrollo/imagenes/1__(1).png>
Package pdftex.def Info: images/desarrollo/imagenes/1__(1).png used on input li
ne 17.
(pdftex.def)             Requested size: 455.24411pt x 54.62898pt.

<images/desarrollo/imagenes/1__(2).png, id=302, 578.16pt x 69.3792pt>
File: images/desarrollo/imagenes/1__(2).png Graphic file (type png)

<use images/desarrollo/imagenes/1__(2).png>
Package pdftex.def Info: images/desarrollo/imagenes/1__(2).png used on input li
ne 27.
(pdftex.def)             Requested size: 455.24411pt x 54.62898pt.

<images/desarrollo/imagenes/1__(3).png, id=303, 578.16pt x 69.3792pt>
File: images/desarrollo/imagenes/1__(3).png Graphic file (type png)

<use images/desarrollo/imagenes/1__(3).png>
Package pdftex.def Info: images/desarrollo/imagenes/1__(3).png used on input li
ne 37.
(pdftex.def)             Requested size: 455.24411pt x 54.62898pt.
 [47

 <./images/desarrollo/imagenes/1__(1).png> <./images/desarrollo/imagenes/1__(2)
.png>]
<images/desarrollo/imagenes/1__(13).png, id=309, 578.16pt x 69.3792pt>
File: images/desarrollo/imagenes/1__(13).png Graphic file (type png)

<use images/desarrollo/imagenes/1__(13).png>
Package pdftex.def Info: images/desarrollo/imagenes/1__(13).png used on input l
ine 47.
(pdftex.def)             Requested size: 455.24411pt x 54.62898pt.

<images/desarrollo/imagenes/1__(23).png, id=310, 578.16pt x 69.3792pt>
File: images/desarrollo/imagenes/1__(23).png Graphic file (type png)

<use images/desarrollo/imagenes/1__(23).png>
Package pdftex.def Info: images/desarrollo/imagenes/1__(23).png used on input l
ine 57.
(pdftex.def)             Requested size: 455.24411pt x 54.62898pt.

<images/desarrollo/imagenes/1__(29).png, id=311, 578.16pt x 69.3792pt>
File: images/desarrollo/imagenes/1__(29).png Graphic file (type png)

<use images/desarrollo/imagenes/1__(29).png>
Package pdftex.def Info: images/desarrollo/imagenes/1__(29).png used on input l
ine 67.
(pdftex.def)             Requested size: 455.24411pt x 54.62898pt.

<images/desarrollo/imagenes/1__(32).png, id=312, 578.16pt x 69.3792pt>
File: images/desarrollo/imagenes/1__(32).png Graphic file (type png)

<use images/desarrollo/imagenes/1__(32).png>
Package pdftex.def Info: images/desarrollo/imagenes/1__(32).png used on input l
ine 77.
(pdftex.def)             Requested size: 455.24411pt x 54.62898pt.

<images/desarrollo/imagenes/1__(35).png, id=313, 578.16pt x 69.3792pt>
File: images/desarrollo/imagenes/1__(35).png Graphic file (type png)

<use images/desarrollo/imagenes/1__(35).png>
Package pdftex.def Info: images/desarrollo/imagenes/1__(35).png used on input l
ine 87.
(pdftex.def)             Requested size: 455.24411pt x 54.62898pt.

<images/desarrollo/histograms/initial39209.png, id=314, 1145.4795pt x 594.0594p
t>
File: images/desarrollo/histograms/initial39209.png Graphic file (type png)
 <use images/desarrollo/histograms/initial39209.png>
Package pdftex.def Info: images/desarrollo/histograms/initial39209.png used on 
input line 98.
(pdftex.def)             Requested size: 455.24411pt x 236.08763pt.
 [48 <./images/desarrollo/imagenes/1__(3).png> <./images/desarrollo/imagenes/1_
_(13).png> <./images/desarrollo/imagenes/1__(23).png> <./images/desarrollo/imag
enes/1__(29).png> <./images/desarrollo/imagenes/1__(32).png> <./images/desarrol
lo/imagenes/1__(35).png>]
<images/desarrollo/histograms/initialTest12630.png, id=324, 1147.6476pt x 597.6
729pt>
File: images/desarrollo/histograms/initialTest12630.png Graphic file (type png)

 <use images/desarrollo/histograms/initialTest12630.png>
Package pdftex.def Info: images/desarrollo/histograms/initialTest12630.png used
 on input line 114.
(pdftex.def)             Requested size: 455.24411pt x 237.08594pt.
 [49 <./images/desarrollo/histograms/initial39209.png> <./images/desarrollo/his
tograms/initialTest12630.png>]
<images/desarrollo/Augment/exampleaug.jpg, id=331, 420.82219pt x 329.73187pt>
File: images/desarrollo/Augment/exampleaug.jpg Graphic file (type jpg)

<use images/desarrollo/Augment/exampleaug.jpg>
Package pdftex.def Info: images/desarrollo/Augment/exampleaug.jpg used on input
 line 132.
(pdftex.def)             Requested size: 227.62206pt x 178.35442pt.
 [50 <./images/desarrollo/Augment/exampleaug.jpg>]
<images/desarrollo/Augment/flippedHorizontally.png, id=335, 211.54031pt x 663.9
8062pt>
File: images/desarrollo/Augment/flippedHorizontally.png Graphic file (type png)

 <use images/desarrollo/Augment/flippedHorizontally.png>
Package pdftex.def Info: images/desarrollo/Augment/flippedHorizontally.png used
 on input line 154.
(pdftex.def)             Requested size: 131.4409pt x 412.56496pt.

<images/desarrollo/Augment/flippableVertically.png, id=336, 361.35pt x 685.1196
pt>
File: images/desarrollo/Augment/flippableVertically.png Graphic file (type png)

 <use images/desarrollo/Augment/flippableVertically.png>
Package pdftex.def Info: images/desarrollo/Augment/flippableVertically.png used
 on input line 169.
(pdftex.def)             Requested size: 195.093pt x 369.88582pt.
 [51 <./images/desarrollo/Augment/flippedHorizontally.png> <./images/desarrollo
/Augment/flippableVertically.png>]
<images/desarrollo/Augment/flippable_both.png, id=342, 319.4334pt x 141.6492pt>
File: images/desarrollo/Augment/flippable_both.png Graphic file (type png)
<use images/desarrollo/Augment/flippable_both.png>
Package pdftex.def Info: images/desarrollo/Augment/flippable_both.png used on i
nput line 185.
(pdftex.def)             Requested size: 409.71692pt x 181.69937pt.

<images/desarrollo/Augment/cross_flippable.png, id=343, 312.9291pt x 548.5293pt
>
File: images/desarrollo/Augment/cross_flippable.png Graphic file (type png)
 <use images/desarrollo/Augment/cross_flippable.png>
Package pdftex.def Info: images/desarrollo/Augment/cross_flippable.png used on 
input line 198.
(pdftex.def)             Requested size: 170.4403pt x 298.75394pt.

<images/desarrollo/histograms/train_flipped63538.png, id=344, 1094.1678pt x 627
.3036pt>
File: images/desarrollo/histograms/train_flipped63538.png Graphic file (type pn
g)
 <use images/desarrollo/histograms/train_flipped63538.png>
Package pdftex.def Info: images/desarrollo/histograms/train_flipped63538.png us
ed on input line 212.
(pdftex.def)             Requested size: 455.24411pt x 260.99617pt.
 [52 <./images/desarrollo/Augment/flippable_both.png> <./images/desarrollo/Augm
ent/cross_flippable.png>]
<images/desarrollo/Augment/projection_transform2.png, id=350, 1020.81375pt x 54
5.78906pt>
File: images/desarrollo/Augment/projection_transform2.png Graphic file (type pn
g)
 <use images/desarrollo/Augment/projection_transform2.png>
Package pdftex.def Info: images/desarrollo/Augment/projection_transform2.png us
ed on input line 230.
(pdftex.def)             Requested size: 455.24979pt x 284.52815pt.

<images/desarrollo/Augment/projection_transform.png, id=351, 1020.81375pt x 544
.28343pt>
File: images/desarrollo/Augment/projection_transform.png Graphic file (type png
)
 <use images/desarrollo/Augment/projection_transform.png>
Package pdftex.def Info: images/desarrollo/Augment/projection_transform.png use
d on input line 231.
(pdftex.def)             Requested size: 455.24979pt x 284.52393pt.
 [53 <./images/desarrollo/histograms/train_flipped63538.png>]
<images/desarrollo/Augment/fixedrotation.png, id=356, 836.3747pt x 450.9347pt>
File: images/desarrollo/Augment/fixedrotation.png Graphic file (type png)

<use images/desarrollo/Augment/fixedrotation.png>
Package pdftex.def Info: images/desarrollo/Augment/fixedrotation.png used on in
put line 248.
(pdftex.def)             Requested size: 455.24727pt x 256.0859pt.
 [54 <./images/desarrollo/Augment/projection_transform2.png> <./images/desarrol
lo/Augment/projection_transform.png>]
<images/desarrollo/Augment/zoom_inv.png, id=362, 1115.66812pt x 593.96906pt>
File: images/desarrollo/Augment/zoom_inv.png Graphic file (type png)

<use images/desarrollo/Augment/zoom_inv.png>
Package pdftex.def Info: images/desarrollo/Augment/zoom_inv.png used on input l
ine 272.
(pdftex.def)             Requested size: 455.23083pt x 227.62292pt.
 [55 <./images/desarrollo/Augment/fixedrotation.png> <./images/desarrollo/Augme
nt/zoom_inv.png>]
<images/desarrollo/Augment/equalize_hist2_wo_Norm_woRepetition.png, id=369, 309
.40594pt x 616.55344pt>
File: images/desarrollo/Augment/equalize_hist2_wo_Norm_woRepetition.png Graphic
 file (type png)

<use images/desarrollo/Augment/equalize_hist2_wo_Norm_woRepetition.png>
Package pdftex.def Info: images/desarrollo/Augment/equalize_hist2_wo_Norm_woRep
etition.png used on input line 289.
(pdftex.def)             Requested size: 135.64803pt x 270.30118pt.

<images/desarrollo/histograms/train_extended_balanced270900.png, id=370, 1208.2
6407pt x 645.16031pt>
File: images/desarrollo/histograms/train_extended_balanced270900.png Graphic fi
le (type png)

<use images/desarrollo/histograms/train_extended_balanced270900.png>
Package pdftex.def Info: images/desarrollo/histograms/train_extended_balanced27
0900.png used on input line 316.
(pdftex.def)             Requested size: 455.24411pt x 243.07646pt.
 [56 <./images/desarrollo/Augment/equalize_hist2_wo_Norm_woRepetition.png>]
<images/desarrollo/histograms/train_extended_per_10_698918.png, id=375, 1104.28
56pt x 642.4803pt>
File: images/desarrollo/histograms/train_extended_per_10_698918.png Graphic fil
e (type png)

<use images/desarrollo/histograms/train_extended_per_10_698918.png>
Package pdftex.def Info: images/desarrollo/histograms/train_extended_per_10_698
918.png used on input line 329.
(pdftex.def)             Requested size: 455.24411pt x 264.85973pt.
 [57 <./images/desarrollo/histograms/train_extended_balanced270900.png> <./imag
es/desarrollo/histograms/train_extended_per_10_698918.png>]
<images/desarrollo/Normalization_Processing/norm_test1.png, id=381, 578.16pt x 
69.3792pt>
File: images/desarrollo/Normalization_Processing/norm_test1.png Graphic file (t
ype png)
 <use images/desarrollo/Normalization_Processing/norm_test1.png>
Package pdftex.def Info: images/desarrollo/Normalization_Processing/norm_test1.
png used on input line 350.
(pdftex.def)             Requested size: 455.24411pt x 54.62898pt.

<images/desarrollo/Normalization_Processing/norm_test2.png, id=382, 578.16pt x 
69.3792pt>
File: images/desarrollo/Normalization_Processing/norm_test2.png Graphic file (t
ype png)
 <use images/desarrollo/Normalization_Processing/norm_test2.png>
Package pdftex.def Info: images/desarrollo/Normalization_Processing/norm_test2.
png used on input line 351.
(pdftex.def)             Requested size: 455.24411pt x 54.62898pt.

[58 <./images/desarrollo/Normalization_Processing/norm_test1.png> <./images/des
arrollo/Normalization_Processing/norm_test2.png>]
LaTeX Font Info:    Calculating math sizes for size <14.8> on input line 363.

<images/desarrollo/Normalization_Processing/proc_test1.png, id=388, 578.16pt x 
69.3792pt>
File: images/desarrollo/Normalization_Processing/proc_test1.png Graphic file (t
ype png)
 <use images/desarrollo/Normalization_Processing/proc_test1.png>
Package pdftex.def Info: images/desarrollo/Normalization_Processing/proc_test1.
png used on input line 369.
(pdftex.def)             Requested size: 318.66948pt x 38.24017pt.

<images/desarrollo/Normalization_Processing/proc_test2.png, id=389, 578.16pt x 
69.3792pt>
File: images/desarrollo/Normalization_Processing/proc_test2.png Graphic file (t
ype png)
 <use images/desarrollo/Normalization_Processing/proc_test2.png>
Package pdftex.def Info: images/desarrollo/Normalization_Processing/proc_test2.
png used on input line 370.
(pdftex.def)             Requested size: 318.66948pt x 38.24017pt.
LaTeX Font Info:    Font shape `T1/ptm/bx/n' in size <10.95> not available
(Font)              Font shape `T1/ptm/b/n' tried instead on input line 396.

[59 <./images/desarrollo/Normalization_Processing/proc_test1.png> <./images/des
arrollo/Normalization_Processing/proc_test2.png>]
<images/desarrollo/networkArquitec/tempGeneralCNNmodel.jpg, id=395, 658.71094pt
 x 341.02406pt>
File: images/desarrollo/networkArquitec/tempGeneralCNNmodel.jpg Graphic file (t
ype jpg)

<use images/desarrollo/networkArquitec/tempGeneralCNNmodel.jpg>
Package pdftex.def Info: images/desarrollo/networkArquitec/tempGeneralCNNmodel.
jpg used on input line 414.
(pdftex.def)             Requested size: 455.24411pt x 235.69191pt.
 [60] [61 <./images/desarrollo/networkArquitec/tempGeneralCNNmodel.jpg>]
<images/desarrollo/networkArquitec/designNet.png, id=403, 1320.43312pt x 356.83
313pt>
File: images/desarrollo/networkArquitec/designNet.png Graphic file (type png)
 <use images/desarrollo/networkArquitec/designNet.png>
Package pdftex.def Info: images/desarrollo/networkArquitec/designNet.png used o
n input line 435.
(pdftex.def)             Requested size: 455.24411pt x 123.02588pt.
LaTeX Font Info:    Font shape `T1/ptm/bx/n' in size <8> not available
(Font)              Font shape `T1/ptm/b/n' tried instead on input line 459.

Overfull \hbox (23.88174pt too wide) in paragraph at lines 457--476
 [] 
 []

[62 <./images/desarrollo/networkArquitec/designNet.png>]) (CAP6.tex [63]
Cap\'{\i }tulo 5.
) (CAP7.tex [23

]
Cap\'{\i }tulo 6.
[24

]) (origin.bbl [25]
LaTeX Font Info:    Try loading font information for T1+pcr on input line 30.
 ("C:\Program Files\MiKTeX 2.9\tex\latex\psnfss\t1pcr.fd"
File: t1pcr.fd 2001/06/04 font definitions for T1/pcr.
)
Underfull \hbox (badness 10000) in paragraph at lines 26--31
[]\T1/ptm/m/n/12 Cordova Ram-pant, A. (2017).  Los pe-rua-nos mue-ren más por l
os ac-ci-den-
 []


Underfull \hbox (badness 5832) in paragraph at lines 26--31
\T1/ptm/m/n/12 tes de trán-si-to que por la in-se-gu-ri-dad ciu-da-da-na.  $\T1
/pcr/m/n/12 http : / / rpp . pe / data /$
 []


Overfull \hbox (10.40283pt too wide) in paragraph at lines 26--31
$\T1/pcr/m/n/12 los-[]peruanos-[]mueren-[]mas-[]por-[]los-[]accidentes-[]de-[]t
ransito-[]1071653$\T1/ptm/m/n/12 . 
 []


Underfull \hbox (badness 6316) in paragraph at lines 44--49
[]\T1/ptm/m/n/12 Gestión.pe, D. (2016a).  Ac-ci-den-tes de trán-si-to: Dos pro-
pues-tas pa-ra au-men-tar
 []


Underfull \hbox (badness 10000) in paragraph at lines 44--49
\T1/ptm/m/n/12 la se-gu-ri-dad vial y re-du-cir muer-tes.  $\T1/pcr/m/n/12 http
s : / / gestion . pe / economia /$
 []


Underfull \hbox (badness 10000) in paragraph at lines 51--55
[]\T1/ptm/m/n/12 Gestión.pe, D. (2016b).  Se-gu-ri-dad vial en pe-rú: Nue-ve in
-di-ca-do-res a me-
 []


Underfull \hbox (badness 10000) in paragraph at lines 51--55
\T1/ptm/m/n/12 jo-rar pa-ra evi-tar ac-ci-den-tes.  $\T1/pcr/m/n/12 https : / /
 gestion . pe / economia /$
 []

[26

] [27]
Underfull \hbox (badness 10000) in paragraph at lines 145--149
[]\T1/ptm/m/n/12 Romero Be-ni-tes, R. (2017).  Ocho pe-rua-nos mue-ren ca-
 []


Underfull \hbox (badness 10000) in paragraph at lines 145--149
\T1/ptm/m/n/12 da día en ac-ci-den-tes de trán-si-to.  $\T1/pcr/m/n/12 http : /
 / rpp . pe / data /$
 []


Overfull \hbox (17.60283pt too wide) in paragraph at lines 145--149
$\T1/pcr/m/n/12 ocho-[]peruanos-[]mueren-[]cada-[]dia-[]en-[]accidentes-[]de-[]
transito-[]1068532$\T1/ptm/m/n/12 . 
 []

[28]
Underfull \hbox (badness 7522) in paragraph at lines 199--204
[]\T1/ptm/m/n/12 Waze (2016).  Las me-jo-res y peo-res ciu-da-des pa-ra con-du-
cir en amé-ri-ca la-
 []


Underfull \hbox (badness 10000) in paragraph at lines 199--204
\T1/ptm/m/n/12 ti-na, se-gún wa-ze.  $\T1/pcr/m/n/12 http : / / cnnespanol . cn
n . com / 2016 / 09 / 15 /$
 []

[29]) (CAP8.tex [30]
Ap\'{e}ndice A.
[31

]
Ap\'{e}ndice B.
[32

]
Ap\'{e}ndice C.
) [33

] (origin.aux
LaTeX Info: Redefining \. on input line 6.
LaTeX Info: Redefining \% on input line 6.
) ) 
Here is how much of TeX's memory you used:
 6866 strings out of 493673
 99977 string characters out of 3143963
 166435 words of memory out of 3000000
 9931 multiletter control sequences out of 15000+200000
 106693 words of font info for 210 fonts, out of 3000000 for 9000
 1025 hyphenation exceptions out of 8191
 36i,19n,39p,2055b,461s stack positions out of 5000i,500n,10000p,200000b,50000s
{C:/Program Files/MiKTeX 2.9/fonts/enc/dvips/fontname/8r.enc}<C:/Program Fil
es/MiKTeX 2.9/fonts/type1/public/amsfonts/cm/cmbx12.pfb><C:/Program Files/MiKTe
X 2.9/fonts/type1/public/amsfonts/cm/cmbx9.pfb><C:/Program Files/MiKTeX 2.9/fon
ts/type1/public/amsfonts/cm/cmex10.pfb><C:/Program Files/MiKTeX 2.9/fonts/type1
/public/amsfonts/cmextra/cmex8.pfb><C:/Program Files/MiKTeX 2.9/fonts/type1/pub
lic/amsfonts/cm/cmmi10.pfb><C:/Program Files/MiKTeX 2.9/fonts/type1/public/amsf
onts/cm/cmmi12.pfb><C:/Program Files/MiKTeX 2.9/fonts/type1/public/amsfonts/cm/
cmmi6.pfb><C:/Program Files/MiKTeX 2.9/fonts/type1/public/amsfonts/cm/cmmi8.pfb
><C:/Program Files/MiKTeX 2.9/fonts/type1/public/amsfonts/cm/cmmi9.pfb><C:/Prog
ram Files/MiKTeX 2.9/fonts/type1/public/amsfonts/cm/cmr10.pfb><C:/Program Files
/MiKTeX 2.9/fonts/type1/public/amsfonts/cm/cmr12.pfb><C:/Program Files/MiKTeX 2
.9/fonts/type1/public/amsfonts/cm/cmr17.pfb><C:/Program Files/MiKTeX 2.9/fonts/
type1/public/amsfonts/cm/cmr6.pfb><C:/Program Files/MiKTeX 2.9/fonts/type1/publ
ic/amsfonts/cm/cmr8.pfb><C:/Program Files/MiKTeX 2.9/fonts/type1/public/amsfont
s/cm/cmr9.pfb><C:/Program Files/MiKTeX 2.9/fonts/type1/public/amsfonts/cm/cmss8
.pfb><C:/Program Files/MiKTeX 2.9/fonts/type1/public/amsfonts/cm/cmss9.pfb><C:/
Program Files/MiKTeX 2.9/fonts/type1/public/amsfonts/cm/cmsy10.pfb><C:/Program 
Files/MiKTeX 2.9/fonts/type1/public/amsfonts/cm/cmsy8.pfb><C:/Program Files/MiK
TeX 2.9/fonts/type1/public/amsfonts/cm/cmsy9.pfb><C:/Program Files/MiKTeX 2.9/f
onts/type1/urw/courier/ucrr8a.pfb><C:/Program Files/MiKTeX 2.9/fonts/type1/urw/
times/utmb8a.pfb><C:/Program Files/MiKTeX 2.9/fonts/type1/urw/times/utmr8a.pfb>
<C:/Program Files/MiKTeX 2.9/fonts/type1/urw/times/utmri8a.pfb>
Output written on origin.pdf (104 pages, 7181458 bytes).
PDF statistics:
 525 PDF objects out of 1000 (max. 8388607)
 0 named destinations out of 1000 (max. 500000)
 306 words of extra memory for PDF output out of 10000 (max. 10000000)

